
Warning: (W569) sc_module(const char*), sc_module(const std::string&) have been deprecated, use sc_module(const sc_module_name&): RamulatorWrapper
In file: ../../../src/sysc/kernel/sc_module.cpp:248
[2025-11-26 20:12:07.368] [ventus] [debug] [ventus.cpp:57] vt_dev_open : hello world from ventus.cpp (cyclesim device)
### options: -DPOCL_DEVICE_ADDRESS_BITS=32 -D__USE_CLANG_OPENCL_C_H -xcl -Dinline= -I. -cl-kernel-arg-info -D__FAST_RELAXED_MATH__=1 -cl-mad-enable -cl-fast-relaxed-math -DTILE_M=16 -DTILE_N=16 -DTILE_K=16 -D__ENDIAN_LITTLE__=1 -DCL_DEVICE_MAX_GLOBAL_VARIABLE_SIZE=0 -D__OPENCL_VERSION__=200 -cl-std=CL2.0 -D__OPENCL_C_VERSION__=200 -Dcl_khr_fp64=1 -D__opencl_c_generic_address_space=1 -D__opencl_c_named_address_space_builtins=1 -cl-ext=-all,+cl_khr_fp64,+__opencl_c_generic_address_space,+__opencl_c_named_address_space_builtins -fno-builtin -triple=riscv32 -target-cpu ventus-gpgpu user_options: -cl-mad-enable -cl-fast-relaxed-math -DTILE_M=16 -DTILE_N=16 -DTILE_K=16
### Triple: riscv32, CPU: ventus-gpgpu
[2025-11-26 20:12:07.386] [info] [pocl_ventus.cc:1509] running compiler "/home/corcore/ventus-env/install/bin/clang -cl-std=CL2.0 -target riscv32 -mcpu=ventus-gpgpu object0.cl   -o object0.riscv -nodefaultlibs -Wl,/home/corcore/ventus-env/install/lib/crt0.o -Wl,/home/corcore/ventus-env/install/lib/riscv32clc.o -Wl,--gc-sections -L/home/corcore/ventus-env/install/lib -lworkitem -I/home/corcore/ventus-env/installinclude/clc -O1 -Wl,-T,/home/corcore/ventus-env/install/lib/ldscripts/ventus/elf32lriscv.ld -Wl,--init=sgemm_one_wg  -w  -D__opencl_c_generic_address_space=1 -D__opencl_c_named_address_space_builtins=1  -D__OPENCL_VERSION__=200 -cl-mad-enable -cl-fast-relaxed-math -DTILE_M=16 -DTILE_N=16 -DTILE_K=16
"

[INFO] 导出设备二进制 -> kernel.ptx (size=5312 bytes)
[2025-11-26 20:12:07.522] [ventus] [debug] [ventus.cpp:89] vt_buf_alloc: vaddr_recommand=72576ab4dbfc, vaddr_allocated=90000000, size=0x40000, taskID=0
[2025-11-26 20:12:07.522] [ventus] [debug] [ventus.cpp:168] vt_copy_to_dev: dev_vaddr=90000000, size=0x40000, taskID=0, kernelID=0
[2025-11-26 20:12:07.522] [ventus] [debug] [ventus.cpp:89] vt_buf_alloc: vaddr_recommand=90000000, vaddr_allocated=90040000, size=0x40000, taskID=0
[2025-11-26 20:12:07.522] [ventus] [debug] [ventus.cpp:168] vt_copy_to_dev: dev_vaddr=90040000, size=0x40000, taskID=0, kernelID=0
[2025-11-26 20:12:07.523] [ventus] [debug] [ventus.cpp:89] vt_buf_alloc: vaddr_recommand=90040000, vaddr_allocated=90080000, size=0x40000, taskID=0
[2025-11-26 20:12:07.523] [ventus] [debug] [ventus.cpp:168] vt_copy_to_dev: dev_vaddr=90000000, size=0x40000, taskID=0, kernelID=0
[2025-11-26 20:12:07.523] [ventus] [debug] [ventus.cpp:168] vt_copy_to_dev: dev_vaddr=90040000, size=0x40000, taskID=0, kernelID=0
[2025-11-26 20:12:07.523] [ventus] [debug] [ventus.cpp:89] vt_buf_alloc: vaddr_recommand=7fff3664c6f0, vaddr_allocated=900c0000, size=0x18, taskID=0
[2025-11-26 20:12:07.523] [ventus] [debug] [ventus.cpp:168] vt_copy_to_dev: dev_vaddr=900c0000, size=0x18, taskID=0, kernelID=0
[2025-11-26 20:12:07.964] [ventus] [debug] [ventus.cpp:274] vt_upload_kernel_file object0.riscv: vaddr=80000000, size=0x4a0
[2025-11-26 20:12:07.964] [ventus] [debug] [ventus.cpp:274] vt_upload_kernel_file object0.riscv: vaddr=80001000, size=0x1000
[2025-11-26 20:12:07.964] [ventus] [debug] [ventus.cpp:274] vt_upload_kernel_file object0.riscv: vaddr=80002000, size=0x18
[2025-11-26 20:12:07.964] [ventus] [debug] [ventus.cpp:274] vt_upload_kernel_file object0.riscv: vaddr=80003000, size=0xc
[2025-11-26 20:12:07.965] [ventus] [debug] [ventus.cpp:89] vt_buf_alloc: vaddr_recommand=7fff3664c810, vaddr_allocated=900c1000, size=0x100000, taskID=0
[2025-11-26 20:12:07.965] [ventus] [debug] [ventus.cpp:89] vt_buf_alloc: vaddr_recommand=725760b29800, vaddr_allocated=901c1000, size=0x40, taskID=0
[2025-11-26 20:12:07.965] [ventus] [debug] [ventus.cpp:168] vt_copy_to_dev: dev_vaddr=901c1000, size=0x40, taskID=0, kernelID=0
kernel 0 sgemm_one_wg initialized, size={1,1,1} @0ns,0 [info context_model.cpp:23]
[2025-11-26 20:12:07.975] [ventus] [debug] [ventus.cpp:218] vt_start: taskID=0, kernelID=0, kernel_size=(1,1,1), wgsize=8, wfsize=32, pds_size=0x1000, lds_size=0x1000, addr_meta=0x901c1000, addr_pds=0x900c1000

Warning: (W509) module construction not properly completed: did you forget to add a sc_module_name parameter to your module constructor?: module 'RamulatorWrapper'
In file: ../../../src/sysc/kernel/sc_module.cpp:409
SM 1 warp 1 receive kernel 0 sgemm_one_wg block 0 warp 0 @15ns,1 [trace BASE.cpp:244]
SM 1 warp 2 receive kernel 0 sgemm_one_wg block 0 warp 1 @15ns,1 [trace BASE.cpp:244]
SM 1 warp 3 receive kernel 0 sgemm_one_wg block 0 warp 2 @15ns,1 [trace BASE.cpp:244]
SM 1 warp 4 receive kernel 0 sgemm_one_wg block 0 warp 3 @15ns,1 [trace BASE.cpp:244]
SM 1 warp 5 receive kernel 0 sgemm_one_wg block 0 warp 4 @15ns,1 [trace BASE.cpp:244]
SM 1 warp 6 receive kernel 0 sgemm_one_wg block 0 warp 5 @15ns,1 [trace BASE.cpp:244]
SM 1 warp 7 receive kernel 0 sgemm_one_wg block 0 warp 6 @15ns,1 [trace BASE.cpp:244]
SM 1 warp 0 receive kernel 0 sgemm_one_wg block 0 warp 7 @15ns,1 [trace BASE.cpp:244]
SM 1 warp 2 0x80000000             AUIPC_0x00004197 WB x[003]=0x80004000 @75ns,1 [trace regfile.cpp:87]
SM 1 warp 3 0x80000000             AUIPC_0x00004197 WB x[003]=0x80004000 @75ns,1 [trace regfile.cpp:87]
SM 1 warp 6 0x80000000             AUIPC_0x00004197 WB x[003]=0x80004000 @95ns,1 [trace regfile.cpp:87]
SM 1 warp 7 0x80000000             AUIPC_0x00004197 WB x[003]=0x80004000 @95ns,1 [trace regfile.cpp:87]
SM 1 warp 4 0x80000000             AUIPC_0x00004197 WB x[003]=0x80004000 @115ns,1 [trace regfile.cpp:87]
SM 1 warp 5 0x80000000             AUIPC_0x00004197 WB x[003]=0x80004000 @115ns,1 [trace regfile.cpp:87]
SM 1 warp 0 0x80000000             AUIPC_0x00004197 WB x[003]=0x80004000 @135ns,1 [trace regfile.cpp:87]
SM 1 warp 1 0x80000000             AUIPC_0x00004197 WB x[003]=0x80004000 @135ns,1 [trace regfile.cpp:87]
SM 1 warp 2 0x80000004              ADDI_0x80818193 WB x[003]=0x80003808 @155ns,1 [trace regfile.cpp:87]
SM 1 warp 3 0x80000004              ADDI_0x80818193 WB x[003]=0x80003808 @155ns,1 [trace regfile.cpp:87]
SM 1 warp 6 0x80000004              ADDI_0x80818193 WB x[003]=0x80003808 @175ns,1 [trace regfile.cpp:87]
SM 1 warp 7 0x80000004              ADDI_0x80818193 WB x[003]=0x80003808 @175ns,1 [trace regfile.cpp:87]
SM 1 warp 2 0x80000008              ADDI_0x02000e93 WB x[029]=0x00000020 @195ns,1 [trace regfile.cpp:87]
SM 1 warp 3 0x80000008              ADDI_0x02000e93 WB x[029]=0x00000020 @195ns,1 [trace regfile.cpp:87]
SM 1 warp 4 0x80000004              ADDI_0x80818193 WB x[003]=0x80003808 @215ns,1 [trace regfile.cpp:87]
SM 1 warp 5 0x80000004              ADDI_0x80818193 WB x[003]=0x80003808 @215ns,1 [trace regfile.cpp:87]
SM 1 warp 0 0x80000004              ADDI_0x80818193 WB x[003]=0x80003808 @235ns,1 [trace regfile.cpp:87]
SM 1 warp 1 0x80000004              ADDI_0x80818193 WB x[003]=0x80003808 @235ns,1 [trace regfile.cpp:87]
SM 1 warp 6 0x80000008              ADDI_0x02000e93 WB x[029]=0x00000020 @255ns,1 [trace regfile.cpp:87]
SM 1 warp 7 0x80000008              ADDI_0x02000e93 WB x[029]=0x00000020 @255ns,1 [trace regfile.cpp:87]
SM 1 warp 3 0x8000000c           VSETVLI_0x0d0efed7 WB x[029]=0x00000020 @265ns,1 [trace regfile.cpp:87]
SM 1 warp 2 0x8000000c           VSETVLI_0x0d0efed7 WB x[029]=0x00000020 @265ns,1 [trace regfile.cpp:87]
SM 1 warp 4 0x80000008              ADDI_0x02000e93 WB x[029]=0x00000020 @275ns,1 [trace regfile.cpp:87]
SM 1 warp 5 0x80000008              ADDI_0x02000e93 WB x[029]=0x00000020 @275ns,1 [trace regfile.cpp:87]
SM 1 warp 0 0x80000008              ADDI_0x02000e93 WB x[029]=0x00000020 @295ns,1 [trace regfile.cpp:87]
SM 1 warp 1 0x80000008              ADDI_0x02000e93 WB x[029]=0x00000020 @295ns,1 [trace regfile.cpp:87]
SM 1 warp 7 0x8000000c           VSETVLI_0x0d0efed7 WB x[029]=0x00000020 @305ns,1 [trace regfile.cpp:87]
SM 1 warp 6 0x8000000c           VSETVLI_0x0d0efed7 WB x[029]=0x00000020 @305ns,1 [trace regfile.cpp:87]
SM 1 warp 3 0x80000010               LUI_0x00002eb7 WB x[029]=0x00002000 @325ns,1 [trace regfile.cpp:87]
SM 1 warp 2 0x80000010               LUI_0x00002eb7 WB x[029]=0x00002000 @325ns,1 [trace regfile.cpp:87]
SM 1 warp 4 0x8000000c           VSETVLI_0x0d0efed7 WB x[029]=0x00000020 @335ns,1 [trace regfile.cpp:87]
SM 1 warp 5 0x8000000c           VSETVLI_0x0d0efed7 WB x[029]=0x00000020 @335ns,1 [trace regfile.cpp:87]
SM 1 warp 7 0x80000010               LUI_0x00002eb7 WB x[029]=0x00002000 @345ns,1 [trace regfile.cpp:87]
SM 1 warp 6 0x80000010               LUI_0x00002eb7 WB x[029]=0x00002000 @345ns,1 [trace regfile.cpp:87]
SM 1 warp 0 0x8000000c           VSETVLI_0x0d0efed7 WB x[029]=0x00000020 @355ns,1 [trace regfile.cpp:87]
SM 1 warp 1 0x8000000c           VSETVLI_0x0d0efed7 WB x[029]=0x00000020 @355ns,1 [trace regfile.cpp:87]
SM 1 warp 2 0x80000014             CSRRS_0x300eaef3 CSR[0x300]=0x3800 @365ns,1 [trace exec_csr.cpp:93]
SM 1 warp 3 0x80000014             CSRRS_0x300eaef3 CSR[0x300]=0x3800 @365ns,1 [trace exec_csr.cpp:93]
SM 1 warp 4 0x80000010               LUI_0x00002eb7 WB x[029]=0x00002000 @375ns,1 [trace regfile.cpp:87]
SM 1 warp 5 0x80000010               LUI_0x00002eb7 WB x[029]=0x00002000 @375ns,1 [trace regfile.cpp:87]
SM 1 warp 3 0x80000014             CSRRS_0x300eaef3 WB x[029]=0x00001800 @385ns,1 [trace regfile.cpp:87]
SM 1 warp 2 0x80000014             CSRRS_0x300eaef3 WB x[029]=0x00001800 @385ns,1 [trace regfile.cpp:87]
SM 1 warp 6 0x80000014             CSRRS_0x300eaef3 CSR[0x300]=0x3800 @385ns,1 [trace exec_csr.cpp:93]
SM 1 warp 7 0x80000014             CSRRS_0x300eaef3 CSR[0x300]=0x3800 @385ns,1 [trace exec_csr.cpp:93]
SM 1 warp 0 0x80000010               LUI_0x00002eb7 WB x[029]=0x00002000 @395ns,1 [trace regfile.cpp:87]
SM 1 warp 1 0x80000010               LUI_0x00002eb7 WB x[029]=0x00002000 @395ns,1 [trace regfile.cpp:87]
SM 1 warp 7 0x80000014             CSRRS_0x300eaef3 WB x[029]=0x00001800 @405ns,1 [trace regfile.cpp:87]
SM 1 warp 6 0x80000014             CSRRS_0x300eaef3 WB x[029]=0x00001800 @405ns,1 [trace regfile.cpp:87]
SM 1 warp 4 0x80000014             CSRRS_0x300eaef3 CSR[0x300]=0x3800 @415ns,1 [trace exec_csr.cpp:93]
SM 1 warp 5 0x80000014             CSRRS_0x300eaef3 CSR[0x300]=0x3800 @415ns,1 [trace exec_csr.cpp:93]
SM 1 warp 5 0x80000014             CSRRS_0x300eaef3 WB x[029]=0x00001800 @425ns,1 [trace regfile.cpp:87]
SM 1 warp 4 0x80000014             CSRRS_0x300eaef3 WB x[029]=0x00001800 @425ns,1 [trace regfile.cpp:87]
SM 1 warp 0 0x80000014             CSRRS_0x300eaef3 CSR[0x300]=0x3800 @435ns,1 [trace exec_csr.cpp:93]
SM 1 warp 1 0x80000014             CSRRS_0x300eaef3 CSR[0x300]=0x3800 @435ns,1 [trace exec_csr.cpp:93]
SM 1 warp 3 0x80000018              ADDI_0x00000e93 WB x[029]=0x00000000 @445ns,1 [trace regfile.cpp:87]
SM 1 warp 2 0x80000018              ADDI_0x00000e93 WB x[029]=0x00000000 @445ns,1 [trace regfile.cpp:87]
SM 1 warp 0 0x80000014             CSRRS_0x300eaef3 WB x[029]=0x00001800 @455ns,1 [trace regfile.cpp:87]
SM 1 warp 1 0x80000014             CSRRS_0x300eaef3 WB x[029]=0x00001800 @455ns,1 [trace regfile.cpp:87]
SM 1 warp 7 0x80000018              ADDI_0x00000e93 WB x[029]=0x00000000 @465ns,1 [trace regfile.cpp:87]
SM 1 warp 6 0x80000018              ADDI_0x00000e93 WB x[029]=0x00000000 @465ns,1 [trace regfile.cpp:87]
SM 1 warp 2 0x8000001c             CSRRS_0x80502373 CSR[0x805]=0x1 @465ns,1 [trace exec_csr.cpp:93]
SM 1 warp 3 0x8000001c             CSRRS_0x80502373 CSR[0x805]=0x2 @465ns,1 [trace exec_csr.cpp:93]
SM 1 warp 2 0x8000001c             CSRRS_0x80502373 WB x[006]=0x00000001 @475ns,1 [trace regfile.cpp:87]
SM 1 warp 3 0x8000001c             CSRRS_0x80502373 WB x[006]=0x00000002 @475ns,1 [trace regfile.cpp:87]
SM 1 warp 6 0x8000001c             CSRRS_0x80502373 CSR[0x805]=0x5 @485ns,1 [trace exec_csr.cpp:93]
SM 1 warp 7 0x8000001c             CSRRS_0x80502373 CSR[0x805]=0x6 @485ns,1 [trace exec_csr.cpp:93]
SM 1 warp 4 0x80000018              ADDI_0x00000e93 WB x[029]=0x00000000 @495ns,1 [trace regfile.cpp:87]
SM 1 warp 5 0x80000018              ADDI_0x00000e93 WB x[029]=0x00000000 @495ns,1 [trace regfile.cpp:87]
SM 1 warp 7 0x8000001c             CSRRS_0x80502373 WB x[006]=0x00000006 @505ns,1 [trace regfile.cpp:87]
SM 1 warp 6 0x8000001c             CSRRS_0x80502373 WB x[006]=0x00000005 @505ns,1 [trace regfile.cpp:87]
SM 1 warp 2 0x80000020             CSRRS_0x806023f3 CSR[0x806]=0x70000000 @505ns,1 [trace exec_csr.cpp:93]
SM 1 warp 3 0x80000020             CSRRS_0x806023f3 CSR[0x806]=0x70000000 @505ns,1 [trace exec_csr.cpp:93]
SM 1 warp 0 0x80000018              ADDI_0x00000e93 WB x[029]=0x00000000 @515ns,1 [trace regfile.cpp:87]
SM 1 warp 1 0x80000018              ADDI_0x00000e93 WB x[029]=0x00000000 @515ns,1 [trace regfile.cpp:87]
SM 1 warp 4 0x8000001c             CSRRS_0x80502373 CSR[0x805]=0x3 @515ns,1 [trace exec_csr.cpp:93]
SM 1 warp 5 0x8000001c             CSRRS_0x80502373 CSR[0x805]=0x4 @515ns,1 [trace exec_csr.cpp:93]
SM 1 warp 3 0x80000020             CSRRS_0x806023f3 WB x[007]=0x70000000 @525ns,1 [trace regfile.cpp:87]
SM 1 warp 2 0x80000020             CSRRS_0x806023f3 WB x[007]=0x70000000 @525ns,1 [trace regfile.cpp:87]
SM 1 warp 6 0x80000020             CSRRS_0x806023f3 CSR[0x806]=0x70000000 @525ns,1 [trace exec_csr.cpp:93]
SM 1 warp 7 0x80000020             CSRRS_0x806023f3 CSR[0x806]=0x70000000 @525ns,1 [trace exec_csr.cpp:93]
SM 1 warp 4 0x8000001c             CSRRS_0x80502373 WB x[006]=0x00000003 @535ns,1 [trace regfile.cpp:87]
SM 1 warp 5 0x8000001c             CSRRS_0x80502373 WB x[006]=0x00000004 @535ns,1 [trace regfile.cpp:87]
SM 1 warp 0 0x8000001c             CSRRS_0x80502373 CSR[0x805]=0x7 @535ns,1 [trace exec_csr.cpp:93]
SM 1 warp 1 0x8000001c             CSRRS_0x80502373 CSR[0x805]=0x0 @535ns,1 [trace exec_csr.cpp:93]
SM 1 warp 7 0x80000020             CSRRS_0x806023f3 WB x[007]=0x70000000 @545ns,1 [trace regfile.cpp:87]
SM 1 warp 6 0x80000020             CSRRS_0x806023f3 WB x[007]=0x70000000 @545ns,1 [trace regfile.cpp:87]
SM 1 warp 0 0x8000001c             CSRRS_0x80502373 WB x[006]=0x00000007 @555ns,1 [trace regfile.cpp:87]
SM 1 warp 1 0x8000001c             CSRRS_0x80502373 WB x[006]=0x00000000 @555ns,1 [trace regfile.cpp:87]
SM 1 warp 4 0x80000020             CSRRS_0x806023f3 CSR[0x806]=0x70000000 @555ns,1 [trace exec_csr.cpp:93]
SM 1 warp 5 0x80000020             CSRRS_0x806023f3 CSR[0x806]=0x70000000 @555ns,1 [trace exec_csr.cpp:93]
SM 1 warp 3 0x80000024              ADDI_0x40000e13 WB x[028]=0x00000400 @565ns,1 [trace regfile.cpp:87]
SM 1 warp 2 0x80000024              ADDI_0x40000e13 WB x[028]=0x00000400 @565ns,1 [trace regfile.cpp:87]
SM 1 warp 4 0x80000020             CSRRS_0x806023f3 WB x[007]=0x70000000 @575ns,1 [trace regfile.cpp:87]
SM 1 warp 5 0x80000020             CSRRS_0x806023f3 WB x[007]=0x70000000 @575ns,1 [trace regfile.cpp:87]
SM 1 warp 0 0x80000020             CSRRS_0x806023f3 CSR[0x806]=0x70000000 @575ns,1 [trace exec_csr.cpp:93]
SM 1 warp 1 0x80000020             CSRRS_0x806023f3 CSR[0x806]=0x70000000 @575ns,1 [trace exec_csr.cpp:93]
SM 1 warp 7 0x80000024              ADDI_0x40000e13 WB x[028]=0x00000400 @585ns,1 [trace regfile.cpp:87]
SM 1 warp 6 0x80000024              ADDI_0x40000e13 WB x[028]=0x00000400 @585ns,1 [trace regfile.cpp:87]
SM 1 warp 0 0x80000020             CSRRS_0x806023f3 WB x[007]=0x70000000 @595ns,1 [trace regfile.cpp:87]
SM 1 warp 1 0x80000020             CSRRS_0x806023f3 WB x[007]=0x70000000 @595ns,1 [trace regfile.cpp:87]
SM 1 warp 4 0x80000024              ADDI_0x40000e13 WB x[028]=0x00000400 @615ns,1 [trace regfile.cpp:87]
SM 1 warp 5 0x80000024              ADDI_0x40000e13 WB x[028]=0x00000400 @615ns,1 [trace regfile.cpp:87]
SM 1 warp 0 0x80000024              ADDI_0x40000e13 WB x[028]=0x00000400 @635ns,1 [trace regfile.cpp:87]
SM 1 warp 1 0x80000024              ADDI_0x40000e13 WB x[028]=0x00000400 @635ns,1 [trace regfile.cpp:87]
SM 1 warp 3 0x80000028               MUL_0x03c30333 WB x[006]=0x00000800 @665ns,1 [trace regfile.cpp:87]
SM 1 warp 2 0x80000028               MUL_0x03c30333 WB x[006]=0x00000400 @665ns,1 [trace regfile.cpp:87]
SM 1 warp 7 0x80000028               MUL_0x03c30333 WB x[006]=0x00001800 @685ns,1 [trace regfile.cpp:87]
SM 1 warp 6 0x80000028               MUL_0x03c30333 WB x[006]=0x00001400 @685ns,1 [trace regfile.cpp:87]
SM 1 warp 5 0x80000028               MUL_0x03c30333 WB x[006]=0x00001000 @705ns,1 [trace regfile.cpp:87]
SM 1 warp 4 0x80000028               MUL_0x03c30333 WB x[006]=0x00000c00 @705ns,1 [trace regfile.cpp:87]
SM 1 warp 3 0x8000002c               ADD_0x00730133 WB x[002]=0x70000800 @725ns,1 [trace regfile.cpp:87]
SM 1 warp 2 0x8000002c               ADD_0x00730133 WB x[002]=0x70000400 @725ns,1 [trace regfile.cpp:87]
SM 1 warp 0 0x80000028               MUL_0x03c30333 WB x[006]=0x00001c00 @735ns,1 [trace regfile.cpp:87]
SM 1 warp 1 0x80000028               MUL_0x03c30333 WB x[006]=0x00000000 @735ns,1 [trace regfile.cpp:87]
SM 1 warp 7 0x8000002c               ADD_0x00730133 WB x[002]=0x70001800 @745ns,1 [trace regfile.cpp:87]
SM 1 warp 6 0x8000002c               ADD_0x00730133 WB x[002]=0x70001400 @745ns,1 [trace regfile.cpp:87]
SM 1 warp 3 0x80000030              ADDI_0x00000213 WB x[004]=0x00000000 @765ns,1 [trace regfile.cpp:87]
SM 1 warp 2 0x80000030              ADDI_0x00000213 WB x[004]=0x00000000 @765ns,1 [trace regfile.cpp:87]
SM 1 warp 7 0x80000030              ADDI_0x00000213 WB x[004]=0x00000000 @785ns,1 [trace regfile.cpp:87]
SM 1 warp 6 0x80000030              ADDI_0x00000213 WB x[004]=0x00000000 @785ns,1 [trace regfile.cpp:87]
SM 1 warp 2 0x80000034             CSRRS_0x80102f73 CSR[0x801]=0x8 @785ns,1 [trace exec_csr.cpp:93]
SM 1 warp 3 0x80000034             CSRRS_0x80102f73 CSR[0x801]=0x8 @785ns,1 [trace exec_csr.cpp:93]
SM 1 warp 2 0x80000034             CSRRS_0x80102f73 WB x[030]=0x00000008 @795ns,1 [trace regfile.cpp:87]
SM 1 warp 3 0x80000034             CSRRS_0x80102f73 WB x[030]=0x00000008 @795ns,1 [trace regfile.cpp:87]
SM 1 warp 6 0x80000034             CSRRS_0x80102f73 CSR[0x801]=0x8 @805ns,1 [trace exec_csr.cpp:93]
SM 1 warp 7 0x80000034             CSRRS_0x80102f73 CSR[0x801]=0x8 @805ns,1 [trace exec_csr.cpp:93]
SM 1 warp 4 0x8000002c               ADD_0x00730133 WB x[002]=0x70000c00 @815ns,1 [trace regfile.cpp:87]
SM 1 warp 5 0x8000002c               ADD_0x00730133 WB x[002]=0x70001000 @815ns,1 [trace regfile.cpp:87]
SM 1 warp 7 0x80000034             CSRRS_0x80102f73 WB x[030]=0x00000008 @825ns,1 [trace regfile.cpp:87]
SM 1 warp 6 0x80000034             CSRRS_0x80102f73 WB x[030]=0x00000008 @825ns,1 [trace regfile.cpp:87]
SM 1 warp 0 0x8000002c               ADD_0x00730133 WB x[002]=0x70001c00 @835ns,1 [trace regfile.cpp:87]
SM 1 warp 1 0x8000002c               ADD_0x00730133 WB x[002]=0x70000000 @835ns,1 [trace regfile.cpp:87]
SM 1 warp 4 0x80000030              ADDI_0x00000213 WB x[004]=0x00000000 @855ns,1 [trace regfile.cpp:87]
SM 1 warp 5 0x80000030              ADDI_0x00000213 WB x[004]=0x00000000 @855ns,1 [trace regfile.cpp:87]
SM 1 warp 0 0x80000030              ADDI_0x00000213 WB x[004]=0x00000000 @875ns,1 [trace regfile.cpp:87]
SM 1 warp 1 0x80000030              ADDI_0x00000213 WB x[004]=0x00000000 @875ns,1 [trace regfile.cpp:87]
SM 1 warp 4 0x80000034             CSRRS_0x80102f73 CSR[0x801]=0x8 @885ns,1 [trace exec_csr.cpp:93]
SM 1 warp 5 0x80000034             CSRRS_0x80102f73 CSR[0x801]=0x8 @885ns,1 [trace exec_csr.cpp:93]
SM 1 warp 2 0x80000038              ADDI_0x40000e13 WB x[028]=0x00000400 @895ns,1 [trace regfile.cpp:87]
SM 1 warp 3 0x80000038              ADDI_0x40000e13 WB x[028]=0x00000400 @895ns,1 [trace regfile.cpp:87]
SM 1 warp 0 0x80000034             CSRRS_0x80102f73 CSR[0x801]=0x8 @895ns,1 [trace exec_csr.cpp:93]
SM 1 warp 1 0x80000034             CSRRS_0x80102f73 CSR[0x801]=0x8 @895ns,1 [trace exec_csr.cpp:93]
SM 1 warp 5 0x80000034             CSRRS_0x80102f73 WB x[030]=0x00000008 @905ns,1 [trace regfile.cpp:87]
SM 1 warp 4 0x80000034             CSRRS_0x80102f73 WB x[030]=0x00000008 @905ns,1 [trace regfile.cpp:87]
SM 1 warp 0 0x80000034             CSRRS_0x80102f73 WB x[030]=0x00000008 @915ns,1 [trace regfile.cpp:87]
SM 1 warp 1 0x80000034             CSRRS_0x80102f73 WB x[030]=0x00000008 @915ns,1 [trace regfile.cpp:87]
SM 1 warp 7 0x80000038              ADDI_0x40000e13 WB x[028]=0x00000400 @925ns,1 [trace regfile.cpp:87]
SM 1 warp 6 0x80000038              ADDI_0x40000e13 WB x[028]=0x00000400 @925ns,1 [trace regfile.cpp:87]
SM 1 warp 5 0x80000038              ADDI_0x40000e13 WB x[028]=0x00000400 @945ns,1 [trace regfile.cpp:87]
SM 1 warp 4 0x80000038              ADDI_0x40000e13 WB x[028]=0x00000400 @945ns,1 [trace regfile.cpp:87]
SM 1 warp 1 0x80000038              ADDI_0x40000e13 WB x[028]=0x00000400 @965ns,1 [trace regfile.cpp:87]
SM 1 warp 0 0x80000038              ADDI_0x40000e13 WB x[028]=0x00000400 @965ns,1 [trace regfile.cpp:87]
SM 1 warp 2 0x8000003c               MUL_0x03cf0f33 WB x[030]=0x00002000 @975ns,1 [trace regfile.cpp:87]
SM 1 warp 3 0x8000003c               MUL_0x03cf0f33 WB x[030]=0x00002000 @975ns,1 [trace regfile.cpp:87]
SM 1 warp 7 0x8000003c               MUL_0x03cf0f33 WB x[030]=0x00002000 @1005ns,1 [trace regfile.cpp:87]
SM 1 warp 6 0x8000003c               MUL_0x03cf0f33 WB x[030]=0x00002000 @1005ns,1 [trace regfile.cpp:87]
SM 1 warp 5 0x8000003c               MUL_0x03cf0f33 WB x[030]=0x00002000 @1025ns,1 [trace regfile.cpp:87]
SM 1 warp 4 0x8000003c               MUL_0x03cf0f33 WB x[030]=0x00002000 @1025ns,1 [trace regfile.cpp:87]
SM 1 warp 2 0x80000040               ADD_0x01e38433 WB x[008]=0x70002000 @1035ns,1 [trace regfile.cpp:87]
SM 1 warp 3 0x80000040               ADD_0x01e38433 WB x[008]=0x70002000 @1035ns,1 [trace regfile.cpp:87]
SM 1 warp 1 0x8000003c               MUL_0x03cf0f33 WB x[030]=0x00002000 @1045ns,1 [trace regfile.cpp:87]
